gpg-pubkey-c2a1e572-668fe8ef 1720707311 0 (none) installed
libgcc-14.2.1-7.el10.alma.1.x86_64 1738667459 273364 50cff72064fb86b338fa50408c3f8972 installed
rust-toolset-srpm-macros-1.84.1-1.el10.alma.1.noarch 1739300848 2058 e4dbc0745a81925469f9fe9a65b2a78f installed
qt6-srpm-macros-6.8.1-3.el10.noarch 1734420856 456 798843babfde15695205b1bef9e255d6 installed
perl-srpm-macros-1-57.el10.noarch 1734187617 861 3f5c5db2565569d4dace4c85bea37804 installed
package-notes-srpm-macros-0.5-13.el10.noarch 1734185638 1601 3cde60bb10b67a9550ccb1ae9aa8ac6a installed
openblas-srpm-macros-2-19.el10.noarch 1733929368 112 6993787a9cab21e9aab85c30a0bd442b installed
ocaml-srpm-macros-10-4.el10.noarch 1733929149 1959 a610b0ad19679654a9af8575d4e8923c installed
kernel-srpm-macros-1.0-25.el10.noarch 1733929572 1949 153b23969aebfb6b4a364d8467a12f58 installed
publicsuffix-list-dafsa-20240107-5.el10.noarch 1734189502 69171 c775084ba1b508126c5745a0778064b3 installed
pkgconf-m4-2.1.0-3.el10.noarch 1734174077 14252 b3c32290e4f1543b14dc83a4c2513db2 installed
pcre2-syntax-10.44-1.el10.3.noarch 1734183240 257634 ccd27752f168a8b7672bfe7e68744cd1 installed
ncurses-base-6.4-14.20240127.el10.noarch 1734156772 334036 3cba36dec5038a6511b40152a83bc4cd installed
libssh-config-0.11.1-1.el10.noarch 1733857135 277 345e73c5089329bf14354c20e4989304 installed
coreutils-common-9.5-6.el10.x86_64 1736715611 11696153 6842d386f1229ba86caf594199bd6dae installed
almalinux-gpg-keys-10.0-30.el10.x86_64 1747654311 1652 90909bfda3305441d26654d2f4a507d7 installed
almalinux-release-10.0-30.el10.x86_64 1747654311 35737 fcc56cf301cd6adadd93f76f3b8949aa installed
almalinux-repos-10.0-30.el10.x86_64 1747654311 8842 0a112e89d3cd76333328099e15b09958 installed
setup-2.14.5-4.el10.noarch 1734216887 737724 b700ee11de258bf810e9bf03fe73ee72 installed
filesystem-3.18-16.el10.x86_64 1734028975 106 aa9271504eaa7be1fbcc228d6fa9f183 installed
basesystem-11-22.el10.noarch 1734045537 0 595b21c06f70147e1cbd931fd91c5943 installed
glibc-gconv-extra-2.39-46.el10_0.alma.1.x86_64 1754525903 8165302 e74ccf03b86d653d51effb78b62d3b69 installed
ncurses-libs-6.4-14.20240127.el10.x86_64 1734155077 985207 4956e3fbe4b4a0e64af786d4f309bd6c installed
glibc-2.39-46.el10_0.alma.1.x86_64 1754525903 6513330 5f4021393b1f1775914bbe19f4b1ab22 installed
bash-5.2.26-6.el10.x86_64 1741028594 8546555 33ee7b72828d90fb415b67bd18703f74 installed
glibc-common-2.39-46.el10_0.alma.1.x86_64 1754525903 1077034 5e7072f05f10146872f4b2d18c32a543 installed
glibc-minimal-langpack-2.39-46.el10_0.alma.1.x86_64 1754525903 0 50a4420fb5b9f81917cfcee80e20984e installed
zlib-ng-compat-2.2.3-1.el10.x86_64 1737976051 141840 a69b06ef90283b6416de50cd033f7cb2 installed
bzip2-libs-1.0.8-25.el10.x86_64 1739793622 82508 e5f6720795f36889b359c475e483f7ef installed
xz-libs-1:5.6.2-4.el10_0.x86_64 1747270625 219435 608b2b9f10f7620cefdac9352fb63534 installed
libstdc++-14.2.1-7.el10.alma.1.x86_64 1738667459 2902678 a40761c778fd99063883d7b80b74197d installed
libuuid-2.40.2-10.el10.x86_64 1739944643 38205 cac86e2dae6d551c4be566ff21cad713 installed
popt-1.19-8.el10.x86_64 1734182146 140018 256fddaef6554f1f6ceb555943d5fe6f installed
readline-8.2-11.el10.x86_64 1734229259 500661 174639cbdc16be685c086ca7266bcd9c installed
libblkid-2.40.2-10.el10.x86_64 1739944643 268722 61ad34aed1ef0f46e5acb9930f14df02 installed
gmp-1:6.2.1-10.el10.x86_64 1736717776 813968 1841eee95204c2cd71943f5f45042e70 installed
libattr-2.5.2-5.el10.x86_64 1734026062 29069 b2341171bda83939715030ce5d108165 installed
libacl-2.3.2-4.el10.x86_64 1734043789 40850 ebe8226da4e171577d0bbab67b7312a4 installed
libxcrypt-4.4.36-10.el10.x86_64 1733850318 269013 8d8e6f919abfb562e078733ba4769d67 installed
libzstd-1.5.5-9.el10.x86_64 1734225610 757350 2cd1680b7ef732c54728aa04789e0e99 installed
elfutils-libelf-0.192-6.el10_0.x86_64 1750758904 1220264 1d74e01899739f34ca4003bc1102610f installed
crypto-policies-20250214-1.gitfd9b9b9.el10_0.1.noarch 1754376478 112308 f1814336e75642656779adb3011a0d24 installed
gdbm-libs-1:1.23-12.el10_0.x86_64 1747265717 124802 2316777b35d417be0789a01d1ee525be installed
libeconf-0.6.2-4.el10.x86_64 1733853768 59264 208d3c26163ea7bed300f522617cdb01 installed
dwz-0.15-7.el10.x86_64 1722025846 297884 abe6e4e7e84126268ec9265e583523dc installed
mpfr-4.2.1-5.el10.x86_64 1734113351 860077 e2a60b01d2cf6e4cbf33a19968abfd2a installed
gawk-5.3.0-6.el10.x86_64 1739945434 1793472 c366fdd2469a3c534eda3a19ab2f3cdd installed
unzip-6.0-68.el10.x86_64 1743508033 411923 9476f1b67cf2a72e5457b62115585454 installed
file-libs-5.45-7.el10.x86_64 1734027972 10414222 89fd9a528abd0ffb75ef0d0bdcc3e639 installed
file-5.45-7.el10.x86_64 1734027972 105823 db825a29bffe907e66a480cbc45d13ea installed
alternatives-1.30-2.el10.x86_64 1734038722 67745 3e47e765b3c0ab2f3cb590294ca38da0 installed
jansson-2.14-3.el10.x86_64 1734103152 91133 3d49634d0f323df9ddd1cdf2390e9bac installed
libcap-ng-0.8.4-6.el10.x86_64 1733842566 70563 702388695e018fc6547ae8bbabd66b1f installed
audit-libs-4.0.3-1.el10.x86_64 1737962849 363833 7a702cbb88802d7930988a1538580c9d installed
pam-libs-1.6.1-7.el10.x86_64 1734153103 137911 87c285688d5885322b52992a18f0ff13 installed
libcap-2.69-7.el10.x86_64 1733856081 223863 0dd9d6a947ccb27a1526f279980853c8 installed
systemd-libs-257-9.el10_0.1.alma.1.x86_64 1747290396 2386826 5c6b912a31a91c3e681b8fe5b63b8646 installed
libsepol-3.8-1.el10.x86_64 1739789745 845507 31cae70e41449319b9cc12106aa782ed installed
libsmartcols-2.40.2-10.el10.x86_64 1739944643 184578 3c005ce78a5bf8706782ada392c39cf8 installed
libtasn1-4.20.0-1.el10.x86_64 1741031041 180507 dd52d7a2ad9da1a5dccbb6d9097c66af installed
libunistring-1.1-10.el10.x86_64 1733904176 1816877 3f16ea4ddf5bc4ae6ee21a4837c70fb4 installed
libidn2-2.3.7-3.el10.x86_64 1733850022 336858 2b0050552a0a51ada221810e4efda676 installed
lua-libs-5.4.6-7.el10.x86_64 1734109366 287675 be290028da837f19205de27d32cf8cf3 installed
lz4-libs-1.9.4-8.el10.x86_64 1734119549 136459 f011548c152d1564efbe7ffa0b920650 installed
pcre2-10.44-1.el10.3.x86_64 1734182345 668922 33d86a93e1b34e8e1357806fa9544e47 installed
libselinux-3.8-2.el10_0.x86_64 1750760069 201717 c7bfda949e77b01316c65cfd6d1dc003 installed
sed-4.9-3.el10.x86_64 1734204747 881961 dfade3aff949eb09466ede4035bb1821 installed
findutils-1:4.10.0-5.el10.x86_64 1734029841 1942695 a2ad8e80525d5697be0727e2b48720a3 installed
grep-3.11-10.el10.x86_64 1734032278 1042042 64543d207b8fd07457f39ea4b477b932 installed
xz-1:5.6.2-4.el10_0.x86_64 1747270625 1244808 8b8271fed592f1d935539b0ed707644a installed
libmount-2.40.2-10.el10.x86_64 1739944643 364250 1b4cc6b7a9527393e903aa9cc781fcde installed
util-linux-core-2.40.2-10.el10.x86_64 1739944643 1528934 d44f08ddf4809edc2f0da283bfff8c91 installed
libsemanage-3.8.1-1.el10_0.x86_64 1743163771 319451 d8319552648338dc3f555b79d18c7273 installed
shadow-utils-2:4.15.0-5.el10.x86_64 1734220073 4269803 2c0851c5eb51684927392b7ac45f38cb installed
libutempter-1.2.1-15.el10.x86_64 1733852925 58809 d9a46176e8b210319ad7b5204a4c5ebd installed
tar-2:1.35-7.el10.x86_64 1739944246 3093062 159a46ecb3e05f21a6d053ccb133d4c5 installed
zstd-1.5.5-9.el10.x86_64 1734225610 1656557 def2b58ee2588c1f9297f43f8dc18f76 installed
libpsl-0.21.5-6.el10.x86_64 1733849977 82352 f9c931353b547cb084a92dbcb87d18fc installed
zip-3.0-44.el10.x86_64 1739945030 726135 5913e2e4abb090617df5e59995c24be0 installed
cyrus-sasl-lib-2.1.28-27.el10.x86_64 1734370797 732550 29a705e57650542af59a1fdc64144a02 installed
gdbm-1:1.23-12.el10_0.x86_64 1747265717 471407 b71416d44d94b2d2048116823e379b5a installed
libfdisk-2.40.2-10.el10.x86_64 1739944643 371498 f241dfa6845d96ef8584934ae2efafb1 installed
libxml2-2.12.5-9.el10_0.x86_64 1754590358 1791363 9ca30afb3343cc5d0864edf4ace2ab5c installed
bzip2-1.0.8-25.el10.x86_64 1739793622 97597 55d60e7810482fc02ab74f791a351d26 installed
sqlite-libs-3.46.1-5.el10_0.x86_64 1753725294 1571616 a1c6f5ce974dcaa980b3e442c9c6cab7 installed
ed-1.20-5.el10.x86_64 1734036248 149356 d9eb1a6d7f626f07d1d0f6a30b128954 installed
patch-2.7.6-26.el10.x86_64 1734153030 264738 3d2b21419101e47f0569feb6397afa13 installed
elfutils-default-yama-scope-0.192-6.el10_0.noarch 1750758986 1810 b78f06032b368bdb0cf38a1dd8ca0303 installed
cpio-2.15-3.el10.x86_64 1734031711 1150520 6e8723c0f97dddd46fec04164c75aef5 installed
diffutils-3.10-8.el10.x86_64 1734026420 1657323 dc3dac84318bee7257be6e4c75b23dfc installed
json-c-0.18-3.el10.x86_64 1734112482 84530 7f07c17b20a78ac0ca779af334183450 installed
keyutils-libs-1.6.3-5.el10.x86_64 1737113140 54083 6b7336de3157e5ae0d8f939406a398c5 installed
libbrotli-1.1.0-6.el10.x86_64 1734041185 865490 4e87751ee627b797d9d929a50ac80a21 installed
libcom_err-1.47.1-3.el10.x86_64 1734031161 68697 039e18616222e7c7c263efa2b61b0953 installed
libffi-3.4.4-9.el10.x86_64 1733849259 87528 bca4aceb25a11ea13143c045b348a6e0 installed
p11-kit-0.25.5-7.el10.x86_64 1734024774 2294717 f804d77fa1d76bf0804de82f4a34c065 installed
p11-kit-trust-0.25.5-7.el10.x86_64 1734024774 400452 538c512240aa4d882266c09adc492346 installed
openssl-libs-1:3.2.2-16.el10.alma.1.x86_64 1739892645 8192570 f6ae051970aafa895a4d39826dbd1f85 installed
coreutils-9.5-6.el10.x86_64 1736715611 5806154 87589bc0b84c1dceee77224ff80e6f8e installed
ca-certificates-2024.2.69_v8.0.303-102.3.el10.noarch 1734029627 2701731 211dc7beef382893187ccb9677b86ff9 installed
authselect-libs-1.5.0-8.el10.x86_64 1734027273 815910 cab176af590cd846f309de31429b6d3b installed
gzip-1.13-3.el10.x86_64 1734373206 398194 fc73eee8049d45bacb8517b196ed18ac installed
cracklib-2.9.11-8.el10.x86_64 1734033833 244461 2f6715332bbe19883333fd39c9a31582 installed
libarchive-3.7.7-3.el10_0.x86_64 1750758572 961218 cb60682936715623698a7d2feb8c32c2 installed
cracklib-dicts-2.9.11-8.el10.x86_64 1734033833 9815811 bd870a60599f9426447adc7a9faf8f52 installed
libpwquality-1.4.5-12.el10.x86_64 1733850696 427194 223aadacddba621f470dba11c8db4608 installed
pam-1.6.1-7.el10.x86_64 1734153103 1843421 d30b34d09faf2a4ae8f550f1fd5de104 installed
libevent-2.1.12-16.el10.x86_64 1733846367 916490 898e141e01bec1ba693e2207ae5582c6 installed
openldap-2.6.8-3.el10.x86_64 1741031755 517141 7610eaaa97ba7879d2c0de5a986cec89 installed
rpm-sequoia-1.6.0-6.el10.x86_64 1734011218 2415930 1f194643cb5204757e9c239457ad441f installed
rpm-libs-4.19.1.1-12.el10.alma.1.x86_64 1739892353 730832 b6c7816abf7cd52df83dfd0b06612aad installed
libgomp-14.2.1-7.el10.alma.1.x86_64 1738667459 530622 5d2dc52e501f9c88b0ad492fe1a64e6f installed
libnghttp2-1.64.0-2.el10.x86_64 1739943556 174092 5d8e3e535ebbde8fb3e2a4efab77fcae installed
libpkgconf-2.1.0-3.el10.x86_64 1734172741 75857 d3e54138803062f6f74c4a9139f37417 installed
pkgconf-2.1.0-3.el10.x86_64 1734172741 84218 8e8af64d19b84206c62f00c8de3fbc02 installed
pkgconf-pkg-config-2.1.0-3.el10.x86_64 1734172741 989 7fbf860ab46a0492211d93b79e803ff4 installed
libverto-0.3.2-10.el10.x86_64 1733855959 30045 c9cd9352f564335e0e2d8f6004da1136 installed
krb5-libs-1.21.3-8.el10_0.x86_64 1750770662 2408837 46939e4540ba84c90fcc388fab58fdb6 installed
libssh-0.11.1-1.el10.x86_64 1733854376 583187 9c307f2ca9bd84f3427a6d8b8b374cc2 installed
libcurl-8.9.1-5.el10.x86_64 1734027681 833550 65e38a4325c58197393d883f53c0ecad installed
elfutils-libs-0.192-6.el10_0.x86_64 1750758904 686229 8093c9b83d37c12c57189f9f58d8abdb installed
elfutils-debuginfod-client-0.192-6.el10_0.x86_64 1750758904 81710 5ec74e51d603cca3e0c5a9596d0c7156 installed
binutils-gold-2.41-53.el10.alma.1.x86_64 1742915736 2158443 29742358986fca398adc5d5d6152ff02 installed
binutils-2.41-53.el10.alma.1.x86_64 1742915736 27826072 cafb9cd7b59c2d57d80dc73ed6fead53 installed
elfutils-0.192-6.el10_0.x86_64 1750758904 2779158 107d81393d897ca8f207695e4a774d6a installed
gdb-minimal-14.2-4.1.el10_0.x86_64 1750768775 12834598 ae8766c50fbc3fa566439ae85a75189e installed
debugedit-5.1-5.el10_0.x86_64 1750761534 205394 007fa72c1e433f1720987b3f06297904 installed
rpm-build-libs-4.19.1.1-12.el10.alma.1.x86_64 1739892353 203048 ad685bd17e0d7a39863ed5415a1e5114 installed
curl-8.9.1-5.el10.x86_64 1734027681 804228 56746071a55bf00db233fa4bed71aadc installed
rpm-4.19.1.1-12.el10.alma.1.x86_64 1739892353 3094668 f542d08635d7c97cb5126d1ed482fde3 installed
efi-srpm-macros-6-6.el10.alma.1.noarch 1734440590 41092 3931350959da64ff1bdcee011ec80a8a installed
lua-srpm-macros-1-15.el10.noarch 1734113187 1367 2ad13a3b28040716f2b0736f0272accf installed
fonts-srpm-macros-1:2.0.5-18.el10.noarch 1734052831 57184 eedab5b50fdbbf1b8cdc83c4f2c8edf5 installed
forge-srpm-macros-0.4.0-6.el10.noarch 1736711136 39882 4c15475beb02fc0b79b32a58f7d20579 installed
go-srpm-macros-3.6.0-4.el10.noarch 1733928858 61912 79e4afab26a301da54700d2598a19568 installed
python-srpm-macros-3.12-9.1.el10.noarch 1734163297 51802 8a1044418046a498504e58e169bd0d26 installed
redhat-rpm-config-288-1.el10_0.1.alma.1.noarch 1747289068 187953 bbf4045bb75ed53a4dab6b47b3bac032 installed
rpm-build-4.19.1.1-12.el10.alma.1.x86_64 1739892353 176869 7d3450a3f6f0037688396e60e4c1b5c1 installed
pyproject-srpm-macros-1.16.2-1.el10.noarch 1734171708 1952 84680c6959ccd04fad334f7441169337 installed
util-linux-2.40.2-10.el10.x86_64 1739944643 3843514 c6ee209b3364f2121d1b7baa40c6eb84 installed
authselect-1.5.0-8.el10.x86_64 1734027273 156489 3f6fa2fd2b83bc4a477f3f53779fa491 installed
which-2.21-44.el10_0.x86_64 1754377721 85738 e17d66bb6c0f405d416b6a1fdb2c38c4 installed
info-7.1-6.el10.x86_64 1738055043 363386 f0fc5c8361ad821282ebbae9e05dd70d installed
libgpg-error-1.50-2.el10.x86_64 1733855769 910556 f59f2c1e7efe74dbbf8400451caf9cf9 installed
libmpc-1.3.1-7.el10.x86_64 1733854663 168484 974a12be4299281204bdba89e52d83a3 installed
make-1:4.4.1-9.el10.x86_64 1734102928 1880255 c5424038bde4ef1359a4b6ea67274eb0 installed
expat-2.7.1-1.el10_0.x86_64 1747265490 301100 5a1147c8d4a58ad5761ef151c408db58 installed
cpp-14.2.1-7.el10.alma.1.x86_64 1738667459 39967688 408cc53ed96eb78a540d6171c57295a0 installed
libassuan-2.5.6-6.el10.x86_64 1733848522 167382 a919fd508639c90edf1ceeb10f1845c3 installed
libgcrypt-1.11.0-5.el10.x86_64 1733852484 1635706 412c7259372896190ca72a04f35ab059 installed
libksba-1.6.7-2.el10.x86_64 1733845501 407980 e09ee8ecfd6d2bbb17dd5866b056b4fc installed
pcre2-utf32-10.44-1.el10.3.x86_64 1734182345 575360 ef420c749792c32687c185a88d0af75e installed
pcre2-utf16-10.44-1.el10.3.x86_64 1734182345 604080 dc2d059a580da16e7505a8d4f582e2ac installed
libstdc++-devel-14.2.1-7.el10.alma.1.x86_64 1738667459 16240805 e2f8bb6a1996237afdce0e5bce4f0d1a installed
kernel-headers-6.12.0-55.25.1.el10_0.x86_64 1755010274 7344195 efde52ccc1e4f5266506d2e97c80f101 installed
libxcrypt-devel-4.4.36-10.el10.x86_64 1733850318 30995 9efc5effc6f98a939a173e6687c552ee installed
glibc-devel-2.39-46.el10_0.alma.1.x86_64 1754525903 2330158 8c5e82d551f98db01763ae23d65b8fd5 installed
gcc-14.2.1-7.el10.alma.1.x86_64 1738667459 113813823 e8236b9f13b1187159677031c05dd46e installed
gcc-c++-14.2.1-7.el10.alma.1.x86_64 1738667459 43321803 a6e73d4e5736ca32be802a68f34f3272 installed
cmake-filesystem-3.30.5-3.el10_0.x86_64 1750759206 0 c972ae40556a17649ed7d7e962edb57e installed
annobin-docs-12.92-1.el10.noarch 1741014300 101230 9041e2429bf2122c2bc5b262bf2ba5d9 installed
tzdata-2025b-1.el10.noarch 1747277481 1664708 4316eff4dc77109fe90e44b6e0bef520 installed
tpm2-tss-4.1.3-5.el10.x86_64 1734208245 1615936 7aa392b678d94295fa610d0c4ac26486 installed
python3-pip-wheel-23.3.2-7.el10.noarch 1734186210 1600309 b16fb636e9c0b5db285e98ce1683a27f installed
npth-1.6-21.el10.x86_64 1734183744 50739 99d2a3baf0055c72d1484f6239570fc9 installed
ncurses-6.4-14.20240127.el10.x86_64 1734155077 634650 6ba714a5ca4d04e79d0e347051f0ccff installed
mpdecimal-2.5.1-12.el10.x86_64 1734111731 205591 5412ab404cf934ac34ed27b29e7db6c9 installed
python3-3.12.9-2.el10_0.2.x86_64 1751411670 32129 feffabcd2841677dcab7d918f5ef20c2 installed
python3-libs-3.12.9-2.el10_0.2.x86_64 1751411670 43633014 9ccb9932786b0875632ac7b9c3ec8881 installed
python3-pyparsing-3.1.1-7.el10.noarch 1734168089 1038569 07cd870d1397df3cab18be5ec61914b1 installed
systemtap-sdt-dtrace-5.2-2.el10.x86_64 1739791967 183274 3786632e67327505a665e249e249f7ee installed
systemtap-sdt-devel-5.2-2.el10.x86_64 1739791967 205942 524f32bad90e8df704e53cb458d64fc3 installed
libseccomp-2.5.3-10.el10.x86_64 1733843626 179284 1faca7729b22598dbb83c24f90138424 installed
groff-base-1.23.0-10.el10.x86_64 1734033526 4033062 daa077b8acd443ba18128417cf383036 installed
perl-Digest-1.20-511.el10.noarch 1734171286 36060 84e350b83354754fb4db9f989fd1edf2 installed
perl-Digest-MD5-2.59-6.el10.x86_64 1734173450 61064 876e8386a368a2dc22d1a3adecbfc4d1 installed
perl-B-0:1.89-512.2.el10_0.x86_64 1753788924 505804 c1d337c39fac9ad20e6865cac1bba617 installed
perl-FileHandle-0:2.05-512.2.el10_0.noarch 1753788929 9568 0715f6a6980af952f1e1404a97171019 installed
perl-Data-Dumper-2.189-512.el10.x86_64 1734183652 114238 faced24591982d3fdab6fd6b20c5917e installed
perl-libnet-3.15-512.el10.noarch 1734174643 295890 a2ff3aaeed344f3df5d6d26d5d540ea3 installed
perl-AutoLoader-0:5.74-512.2.el10_0.noarch 1753788929 21029 c9c2b14087775d859560d58567b3144a installed
perl-Class-Struct-0:0.68-512.2.el10_0.noarch 1753788929 25968 50fd367e81868049b5e8c20cff8977e4 installed
perl-locale-0:1.12-512.2.el10_0.noarch 1753788929 6653 de76473fdf3751c711f3533abc3b49cb installed
perl-URI-5.27-3.el10.noarch 1734156580 245507 bcc80da914a104f99a236fbd3148fdc9 installed
perl-if-0:0.61.000-512.2.el10_0.noarch 1753788929 5948 037dcd55c5fbf167c60fa93a93156d76 installed
perl-SelectSaver-0:1.02-512.2.el10_0.noarch 1753788929 2220 702708e2d44e95ff69a294501daf7f81 installed
perl-base-0:2.27-512.2.el10_0.noarch 1753788929 12844 5f23690ee799354b8f2c0041c638b2ab installed
perl-overloading-0:0.02-512.2.el10_0.noarch 1753788929 4961 6264bf684cd188e1130be87dbbda8465 installed
perl-POSIX-0:2.20-512.2.el10_0.x86_64 1753788924 236577 ceed10e066e6e40991d26ffd10434359 installed
perl-Pod-Escapes-1:1.07-511.el10.noarch 1734154351 25476 7982187d37301575bdff5a2b93ed2e2b installed
perl-Net-SSLeay-1.94-7.el10.x86_64 1734369693 1403788 ff663a345818da4f36c60a2737f5d14b installed
perl-Socket-4:2.038-511.el10.x86_64 1734172822 126873 3b2866de051147801dd805af63657009 installed
perl-Term-ANSIColor-5.01-512.el10.noarch 1734159257 99820 3f59f5750e47695e72c427a69baeb499 installed
perl-Term-Cap-1.18-511.el10.noarch 1734161153 29958 74ce648663fe3f11f2ec31fbb83c9621 installed
perl-Text-Tabs+Wrap-2024.001-511.el10.noarch 1734341483 23045 bb4f7ee0a76bd6bff0008c7f7ea17ddf installed
perl-File-Path-2.18-511.el10.noarch 1734179669 65002 bd88844768ce2c8a76f3430bc290d276 installed
perl-Mozilla-CA-20231213-5.el10.noarch 1734190987 9370 fcc2827c735567d392dc1a8cbd5f510b installed
perl-IO-Socket-IP-0.42-512.el10.noarch 1734154166 100992 87146e8cf9b3e329da14676afe72987b installed
perl-File-stat-0:1.14-512.2.el10_0.noarch 1753788929 12808 ee631c8dbceefb565063084ac6e4d9ba installed
perl-mro-0:1.29-512.2.el10_0.x86_64 1753788924 46636 15c9aad4bd90adc59a0f40bb6e289cbf installed
perl-Time-Local-2:1.350-511.el10.noarch 1734183679 70554 cc36224715c9f9403abd09684bb7888c installed
perl-IO-Socket-SSL-2.085-3.el10.noarch 1734155500 701396 24d70970220d04b81c1496c9e3df37f5 installed
perl-Pod-Usage-4:2.03-511.el10.noarch 1734162375 86712 a893f14f364e0eed2c5531c020028e17 installed
perl-Getopt-Std-0:1.14-512.2.el10_0.noarch 1753788929 11449 eaa4dde4f34ff337ba9e81acbaab49a6 installed
perl-Symbol-0:1.09-512.2.el10_0.noarch 1753788929 6976 7ba058401858f628a8f3089f10dd9599 installed
perl-File-Basename-0:2.86-512.2.el10_0.noarch 1753788929 14342 f4098dcd9e65a4828832c944cf28fe53 installed
perl-vars-0:1.05-512.2.el10_0.noarch 1753788929 3960 e39ccdbf90a868e0bfe3ce2703b427d4 installed
perl-Errno-0:1.38-512.2.el10_0.x86_64 1753788924 8531 3d27b53f0158aa03a570b26c5b4e11e9 installed
perl-Fcntl-0:1.18-512.2.el10_0.x86_64 1753788924 45991 7436d6ac0e8f5f6f3beb390276edd54e installed
perl-MIME-Base64-3.16-511.el10.x86_64 1734155034 47068 9ad927318b4d079c1d47a9310387216e installed
perl-Scalar-List-Utils-5:1.63-511.el10.x86_64 1734170950 148846 eaecf03182006577a9aefa937c16fa7e installed
perl-Text-ParseWords-3.31-511.el10.noarch 1734164890 13839 ae1f64f6441e0bba44644eb26cc8bd8c installed
perl-constant-1.33-512.el10.noarch 1734163715 26840 a95b3103d5f92c20bbc863e87c11b8ea installed
perl-IPC-Open3-0:1.22-512.2.el10_0.noarch 1753788929 22995 91f7326fdb1d474df9d1499c1c67d383 installed
perl-Storable-1:3.32-511.el10.x86_64 1734178776 237810 a468635449924a8b5fd7d5f732fae705 installed
perl-IO-0:1.55-512.2.el10_0.x86_64 1753788924 154607 fb5a5b3244ad31053a6d84d71cf1a4b9 installed
perl-overload-0:1.37-512.2.el10_0.noarch 1753788929 73252 508ee7e48cf055287b79288f5fe7c00b installed
perl-File-Temp-1:0.231.100-512.el10.noarch 1734189983 166172 b9c403d2f298afde7ba7d289ad3ccecf installed
perl-HTTP-Tiny-0.088-512.el10.noarch 1734176231 155788 551cd14802b37aaab28db1f44ac0d083 installed
perl-parent-1:0.241-512.el10.noarch 1734181849 9959 92b831984d7f5e4a405aad7212cb8def installed
perl-Pod-Simple-1:3.45-511.el10.noarch 1734160679 573280 51c868bdea985701613896451574c1b6 installed
perl-Getopt-Long-1:2.58-3.el10.noarch 1734161264 147853 394d7db4240c4badac89a28e52e7b4cb installed
perl-podlators-1:5.01-511.el10.noarch 1734185791 315477 f2f880e98127591c7639c23580d7a027 installed
perl-DynaLoader-0:1.56-512.2.el10_0.x86_64 1753788924 32841 ac22b78714982edbc98b55ab1102f0f3 installed
perl-Carp-1.54-511.el10.noarch 1734187352 47652 bcd5efd9e0cc706f679371d782451e16 installed
perl-Exporter-5.78-511.el10.noarch 1734188924 55539 afc05752788c583eb69d050fa967f371 installed
perl-GDBM_File-1:1.24-512.2.el10_0.x86_64 1753788924 85579 4532e5a665311eddfa275c0a39075ec5 installed
perl-NDBM_File-0:1.17-512.2.el10_0.x86_64 1753788924 29134 f8b48469335260345082eef99b7b28c6 installed
perl-ODBM_File-0:1.18-512.2.el10_0.x86_64 1753788924 33105 0284ff2770390503d2ddfa08becc4a89 installed
perl-PathTools-3.91-512.el10.x86_64 1738054644 182916 3b9c3d47e2d5f0a9adf21177e83f17e3 installed
perl-Encode-4:3.21-511.el10.x86_64 1734177504 4930706 ae657f539bb189abb7ac76450c455b88 installed
perl-libs-4:5.40.2-512.2.el10_0.x86_64 1753788924 10249003 d648237bfede7e186de5cf463137d378 installed
perl-Pod-Perldoc-3.28.01-512.el10.noarch 1734158919 166972 81c6fa8231c0d1ea38eefad4425af35d installed
perl-doc-0:5.40.2-512.2.el10_0.noarch 1753788929 11559256 34d1cd5b8870cc45d819fb6e8d154d32 installed
perl-interpreter-4:5.40.2-512.2.el10_0.x86_64 1753788924 125194 f5f0d03ea657ebbc94e5b1228d7ff5ac installed
perl-File-Find-0:1.44-512.2.el10_0.noarch 1753788929 42951 f9a9fce083f63ca45b05e1d9f801161a installed
perl-version-8:0.99.32-4.el10.x86_64 1734155293 135760 039e2a5956d542d12277ef6e31319a8e installed
perl-File-Copy-0:2.41-512.2.el10_0.noarch 1753788929 20089 8a6ce299cbd49a7580ece68038896e6e installed
perl-Time-HiRes-4:1.9777-511.el10.x86_64 1734180401 122599 7313bc03f1f68dd3641c818a4a19604a installed
perl-ExtUtils-Manifest-1:1.75-511.el10.noarch 1734160072 86801 66e982559d999f91a915005a72df4a63 installed
perl-threads-1:2.40-511.el10.x86_64 1734187444 117753 397deb72d13ee724e9b08f03c0e9307f installed
perl-threads-shared-1.69-511.el10.x86_64 1734188973 85605 810f7b44434e0c4fd7a42ffaad5575b6 installed
perl-CPAN-Meta-Requirements-2.143-11.el10.noarch 1734178328 83085 74983e42d44cda9d4e1e2df1ea9fc846 installed
perl-ExtUtils-ParseXS-1:3.51-512.el10.noarch 1734161800 408634 6da5f0bdb8593b119bc48a1bebb83702 installed
perl-Compress-Raw-Zlib-2.212-512.el10.x86_64 1734162377 166179 b3aa41f891b78d0837e63b05b7827969 installed
perl-File-Compare-0:1.100.800-512.2.el10_0.noarch 1753788929 5715 68d62084e2998e38e6144f663da7f3a4 installed
perl-lib-0:0.65-512.2.el10_0.x86_64 1753788924 8710 ceefb10dfd91d01faccb33c83bac6ad6 installed
perl-Module-CoreList-1:5.20250120-1.el10.noarch 1738066062 1240290 32a6939b4297ca78a56aafc2e870e102 installed
perl-Module-Metadata-1.000038-512.el10.noarch 1734184057 69056 10b2edf590c9aa2d27fb43cc97be40c0 installed
perl-Digest-SHA-1:6.04-512.el10.x86_64 1734175386 119226 9d62b9b0abefcf4f1ba6a783e58fc507 installed
perl-Devel-Peek-0:1.34-512.2.el10_0.x86_64 1753788924 44514 39d5a23298417d9bd99288e303d5556f installed
perl-Filter-2:1.64-512.el10.x86_64 1734155621 168343 98a38cbdcb55080c24cc1b0335de1ddf installed
perl-Module-Load-1:0.36-511.el10.noarch 1734178998 15187 6c00b49abf427654b8e95ab493ec5f75 installed
perl-Perl-OSType-1.010-512.el10.noarch 1734182905 33579 807fa3c9c3eff13c2e659e0664defbc4 installed
perl-Term-ReadLine-0:1.17-512.2.el10_0.noarch 1753788929 17684 072c55e7f5ffe9a1b9a1af90443c17ec installed
perl-Term-Table-0.018-513.el10.noarch 1734376501 78762 eb8f5de0f2e2b4d06ce966de107633d9 installed
perl-Tie-0:4.6-512.2.el10_0.noarch 1753788929 32746 82ab8421c22d6cc88b5e5053fb40f6da installed
perl-Unicode-Normalize-1.32-511.el10.x86_64 1734163219 476233 e4c14c1c4570a7be64f47ee9f3606422 installed
perl-meta-notation-0:5.40.2-512.2.el10_0.noarch 1753788929 2069 44e450de29274eb5bab306768ae299a9 installed
perl-encoding-4:3.00-511.el10.x86_64 1734177504 152978 3026acdd391632e1b1f2ff708dbfef5c installed
perl-Dumpvalue-0:2.27-512.2.el10_0.noarch 1753788929 20235 3ebe58d3744e2da7ff52f01cd1a5ab6b installed
perl-Net-Ping-2.76-511.el10.noarch 1734157454 137388 f3391af55d96e79a909ae86b55666c1d installed
perl-ExtUtils-Command-2:7.70-513.el10.noarch 1734158129 9784 460526c7b38b10cd437169dd911b417d installed
perl-Pod-Html-0:1.35-512.2.el10_0.noarch 1753788929 43213 6bbd7481de91f657756825964ace099a installed
perl-AutoSplit-0:5.74-512.2.el10_0.noarch 1753788929 23666 7a78caa4a319477fe83832b4773c7d37 installed
perl-Benchmark-0:1.25-512.2.el10_0.noarch 1753788929 37204 8c2ed24d2af14d0608c19776eb6d2925 installed
perl-Test-Harness-1:3.48-512.el10.noarch 1734178702 570238 8d8513325e6f364f31fff282492a8a32 installed
perl-CPAN-Meta-YAML-0.018-512.el10.noarch 1734180638 51437 e348538064380ab5ed4826ff28b3f559 installed
perl-Compress-Raw-Bzip2-2.212-512.el10.x86_64 1734158964 71071 37ed7d1e1508a8e90716689ec462b35f installed
perl-IO-Compress-2.212-512.el10.noarch 1734180884 1065592 5718e3ac895347c915d51b590aac547b installed
perl-IO-Zlib-1:1.15-511.el10.noarch 1734160678 26312 13f0f146aa36f4053d8e585e52dace2b installed
perl-Devel-PPPort-3.72-512.el10.x86_64 1734160985 913567 cc0ad305f82a20547a619b657f4d3b36 installed
perl-DirHandle-0:1.05-512.2.el10_0.noarch 1753788929 3461 a0f9800cf08984826e4117a036862efa installed
perl-ExtUtils-Constant-0:0.25-512.2.el10_0.noarch 1753788929 87837 73c51a0989965aad2b813e43e5bbae70 installed
perl-ExtUtils-MM-Utils-2:7.70-513.el10.noarch 1734158129 2953 c44a3f84b3cb635d060c6cee1041f7cf installed
perl-Hash-Util-FieldHash-0:1.27-512.2.el10_0.x86_64 1753788924 68160 b3c131116b316aad0a8add612d27e3a3 installed
perl-Hash-Util-0:0.32-512.2.el10_0.x86_64 1753788924 56289 9cada5d404168420ca64cf2df596ac8a installed
perl-I18N-LangTags-0:0.45-512.2.el10_0.noarch 1753788929 84240 7939b3f8e7294c7cdaeebcf5a070769f installed
perl-Locale-Maketext-1.33-512.el10.noarch 1734154546 175190 522fda4edf7351e15ae5bcee478436e8 installed
perl-Locale-Maketext-Simple-1:0.21-512.2.el10_0.noarch 1753788929 13063 bb68fb35c140ece9aedfecdb24a52bcb installed
perl-Params-Check-1:0.38-511.el10.noarch 1734170200 28189 ecaf993bd17df581eaab0e7d7c7e03ad installed
perl-Module-Load-Conditional-0.74-511.el10.noarch 1734181903 29381 ffcb77703798c9268e4fcf04d7fe37b4 installed
perl-IPC-Cmd-2:1.04-512.el10.noarch 1734164138 86875 cca4ac789d80944f4c042bf52e8f220d installed
perl-Math-Complex-0:1.62-512.2.el10_0.noarch 1753788929 86995 f812f787d4dfaa3a5ce1586c07a5088d installed
perl-Math-BigInt-1:2.0030.03-3.el10.noarch 1734163476 980465 d497311b492d53f0c3ce3ed13b3b5bc0 installed
perl-JSON-PP-1:4.16-512.el10.noarch 1734178000 145113 a851b86b2b159abd162a6d8f28623993 installed
perl-CPAN-Meta-2.150010-511.el10.noarch 1734174092 606008 3cf5e2d2980cb2675f9dd8ee10c15f84 installed
perl-ExtUtils-Install-2.22-511.el10.noarch 1734156287 87428 a1596e8679416071bd484e22322e1a52 installed
perl-devel-4:5.40.2-512.2.el10_0.x86_64 1753788924 8429475 1517db87547f43da2e8c76e27075511c installed
perl-ExtUtils-MakeMaker-2:7.70-513.el10.noarch 1734158129 750473 b279c7ee52ae4d10f9ceeba8d4f34b53 installed
perl-ExtUtils-CBuilder-1:0.280240-511.el10.noarch 1734154927 99177 c413455be3897d1952bc2a3fd4475074 installed
perl-ExtUtils-Embed-0:1.35-512.2.el10_0.noarch 1753788929 15894 44278662586c6e445794005697e04afd installed
perl-Test-Simple-3:1.302199-513.el10.noarch 1734189086 1381438 95799d374a41eaffeb5ae58cf30999c5 installed
perl-Params-Util-1.102-19.el10.x86_64 1734170654 55764 f20071c52a198d83bab43544bc47cd11 installed
perl-SelfLoader-0:1.27-512.2.el10_0.noarch 1753788929 22894 19dcfd9699f1b5b77119aa5a384348f5 installed
perl-Sub-Install-0.929-8.el10.noarch 1734188660 36691 b62c76a6b75003cbd671814c08f51add installed
perl-Sys-Hostname-0:1.25-512.2.el10_0.x86_64 1753788924 20281 16adb1edd85416f9cd90cf3667f6b08b installed
perl-Text-Balanced-2.06-511.el10.noarch 1734157689 113970 c60dcc9d6f07554411a3d3d558593b5b installed
perl-Tie-RefHash-1.40-511.el10.noarch 1734178836 35076 88ed4c235ff6613b46d1205d342a05ba installed
perl-User-pwent-0:1.05-512.2.el10_0.noarch 1753788929 17427 1263778e4ae216fd3a5acffc7790b310 installed
perl-autouse-0:1.11-512.2.el10_0.noarch 1753788929 6057 a149cad260575f4fa8be64294907b954 installed
perl-subs-0:1.04-512.2.el10_0.noarch 1753788929 2143 bbf4564e5f5325f1052257d872034e43 installed
perl-Opcode-0:1.65-512.2.el10_0.x86_64 1753788924 53708 87895899c9eb79045599a34bd04c5171 installed
perl-Safe-0:2.46-512.2.el10_0.noarch 1753788929 31354 f92bdd0ec8b9bfe0c3c9740e3a5204ab installed
perl-Filter-Simple-0.96-511.el10.noarch 1734157516 51862 b5545b37624ae3c60593e301438316ba installed
perl-Data-OptList-0.114-7.el10.noarch 1734188063 51242 79772f9fc927d70c62b480991ac2b7fd installed
perl-Devel-SelfStubber-0:1.06-512.2.el10_0.noarch 1753788929 6905 e6d9d3ccd4c254c3d351e9f4330ccfab installed
perl-Test2-Suite-0.000163-4.el10.noarch 1734156115 891599 f39ea124776723e5540962b222127ec7 installed
perl-ExtUtils-Miniperl-0:1.14-512.2.el10_0.noarch 1753788929 8420 d6da8bbe2315631164ee791968414d9e installed
perl-libnetcfg-4:5.40.2-512.2.el10_0.noarch 1753788929 17315 f6818f7432adbc77f4def76dd96d3996 installed
perl-Encode-devel-4:3.21-511.el10.x86_64 1734177504 101975 cdbb86bc95b88db57617ca2a1913739f installed
perl-inc-latest-2:0.500-30.el10.noarch 1734170964 35304 2be1de6efcb31290b71540657600086d installed
perl-Math-BigInt-FastCalc-0.501.800-511.el10.x86_64 1734163282 44898 9e7a9349fada37c0b33af2225d9e8b89 installed
perl-bignum-0.67-512.el10.noarch 1734160104 136135 7cc9b6fa9be08eec350d72e23912662f installed
perl-File-Fetch-1.04-511.el10.noarch 1734171321 60522 9f527fb3f0e862534d3d1ac785326719 installed
perl-fields-0:2.27-512.2.el10_0.noarch 1753788929 12128 7d7721f37e73610611409cf9c7655fb5 installed
perl-DBM_Filter-0:0.06-512.2.el10_0.noarch 1753788929 29150 4346872b73e6df6308d164bbd25a5534 installed
perl-open-0:1.13-512.2.el10_0.noarch 1753788929 11539 c7e6a1ca9e9a8d720b894987e030ea4f installed
perl-debugger-0:1.60-512.2.el10_0.noarch 1753788929 411841 68d00a912d48867626c1fbb5abe2fca1 installed
perl-sigtrap-0:1.10-512.2.el10_0.noarch 1753788929 11299 4bf4e9b4a9d44a599867223af277afd7 installed
perl-Unicode-Collate-1.31-511.el10.x86_64 1734157824 4381785 1a0a51f7107d051a77be40ab7b25926c installed
perl-Unicode-UCD-0:0.78-512.2.el10_0.noarch 1753788929 209345 33e0a321c5fefd80637bd9c491dd04f5 installed
perl-Env-1.06-511.el10.noarch 1734185249 26665 a1e66d99ea1443f88a7af5f03f9050c6 installed
perl-Module-CoreList-tools-1:5.20250120-1.el10.noarch 1738066062 19004 ba484e48f521c14ca41553c18f3eccaf installed
perl-Archive-Zip-1.68-17.el10.noarch 1734161110 297848 ba98f3589ba8bb65e588432a3a7c944e installed
perl-Thread-0:3.05-512.2.el10_0.noarch 1753788929 12387 c0ce44008e18d7c02bf58f68387e5b7a installed
perl-Thread-Queue-3.14-511.el10.noarch 1734174310 29532 673afebeca3fe267b28ccd5328e993fb installed
perl-Thread-Semaphore-0:2.13-512.2.el10_0.noarch 1753788929 10243 18839566127648eb19900ff7222d61d5 installed
perl-experimental-0.032-511.el10.noarch 1734165467 41857 5b0a16a8b4eaa3c7b6c5508bcffed1d3 installed
perl-Pod-Checker-4:1.77-511.el10.noarch 1734188612 53410 154dc3ebbce3c5861119724f69c015f9 installed
perl-diagnostics-0:1.40-512.2.el10_0.noarch 1753788929 476574 f325abdc68eef54d52de17b7020ccc3a installed
perl-macros-4:5.40.2-512.2.el10_0.noarch 1753788929 5643 ba88b26cde1071d2d30865d97a1b038c installed
perl-utils-0:5.40.2-512.2.el10_0.noarch 1753788929 99175 da15b741ebf6f7729924d8adf8aa21f5 installed
perl-Algorithm-Diff-1.2010-14.el10.noarch 1734155855 109991 9d77bdde9ccd3a0ae53310d707823b67 installed
perl-Text-Diff-1.45-24.el10.noarch 1734161340 84856 5e901d005d8a3374d7c63dd8562dec40 installed
perl-Attribute-Handlers-0:1.03-512.2.el10_0.noarch 1753788929 40850 469a8e7c1834c19e0ead24822b180b51 installed
perl-Compress-Bzip2-2.28-21.el10.x86_64 1734157141 145959 af16fb949c46dde3a3e784ff60890b95 installed
perl-Compress-Raw-Lzma-2.212-3.el10.x86_64 1734420797 127758 9d49b4bfe913158446b0bcaea070fd54 installed
perl-IO-Compress-Lzma-2.206-7.el10.noarch 1734183910 219689 b8639433d38c1a94fc8d35a1815279bc installed
perl-Archive-Tar-3.02-512.el10.noarch 1734159242 157428 006eb37dff9ab7d6920dfd94e322db58 installed
perl-Config-Extensions-0:0.03-512.2.el10_0.noarch 1753788929 2702 715270a4acef7d3591dc7abde0fa436f installed
perl-Config-Perl-V-0.36-512.el10.noarch 1734167896 26048 bbb0cfa5e262971021ebd5d23a5d4a90 installed
perl-Devel-Size-0.84-3.el10.x86_64 1734162720 46765 f337e463e5a3203f5ef441161c489ac3 installed
perl-English-0:1.11-512.2.el10_0.noarch 1753788929 6352 57c83e1606402a8aa46c173a93ed7ebb installed
perl-File-DosGlob-0:1.12-512.2.el10_0.x86_64 1753788924 25390 230c06a97680706a5a28dcd5e5b2e3ac installed
perl-File-Which-1.27-14.el10.noarch 1734153576 31090 719297ff87a2f5710af39f5b620156e6 installed
perl-File-HomeDir-1.006-15.el10.noarch 1734173270 121783 ba4569e53298e7cd1fb725779a27cc71 installed
perl-FileCache-0:1.10-512.2.el10_0.noarch 1753788929 7624 23be15fb1078be6df880cffcfe12e866 installed
perl-FindBin-0:1.54-512.2.el10_0.noarch 1753788929 6874 8ea462798b2ce7b1c1881c983dc9ed46 installed
perl-I18N-Collate-0:1.02-512.2.el10_0.noarch 1753788929 7222 3f8b78aee80fc94b0fb2596d291771ce installed
perl-I18N-Langinfo-0:0.24-512.2.el10_0.x86_64 1753788924 39618 117f6439abb18e6e3e834354d367b0cb installed
perl-IPC-SysV-2.09-512.el10.x86_64 1734168546 75370 ac06a36aebc561a701cf85344761baa5 installed
perl-IPC-System-Simple-1.30-16.el10.noarch 1734171867 73314 2aca3d56fc7a345d782e94581b9239c8 installed
perl-autodie-2.37-512.el10.noarch 1734158247 219682 ce97b0f916473f530611e7a6c56e48a0 installed
perl-MRO-Compat-0.15-12.el10.noarch 1734159960 43996 f8cbc9d8bf01b67edcf921a1a30eb0b1 installed
perl-Memoize-0:1.16-512.2.el10_0.noarch 1753788929 66031 15cf420eb00d5e0198bcf105268f01e3 installed
perl-Module-Loaded-1:0.08-512.2.el10_0.noarch 1753788929 5085 cd6e27722374b3c7ffa3e2bb564549bb installed
perl-NEXT-0:0.69-512.2.el10_0.noarch 1753788929 24112 e39527c84b33ffcd03c0852833042c7a installed
perl-Net-0:1.04-512.2.el10_0.noarch 1753788929 22840 0a7ea16281ba637a323469fff3eb2b6e installed
perl-Package-Generator-1.106-34.el10.noarch 1734168475 30516 023b995cd9bccc13365a2bf5a9f061da installed
perl-Sub-Exporter-0.991-7.el10.noarch 1734184712 199375 1521a86f06dadff058196fac53f6c16e installed
perl-Data-Section-0.200008-8.el10.noarch 1734153708 43734 81bf5603f8a12056b967c5daf04bad0c installed
perl-PerlIO-via-QuotedPrint-0.10-511.el10.noarch 1734187069 30938 4f60af7a36cd0eb6d12c3fe1effb6776 installed
perl-Pod-Functions-0:1.14-512.2.el10_0.noarch 1753788929 14591 7111a93129ebcf7bbac6f00c789d0868 installed
perl-Search-Dict-0:1.07-512.2.el10_0.noarch 1753788929 4767 0623c922d4164bb8f9b23d46dabcebe8 installed
perl-Sys-Syslog-0.36-512.el10.x86_64 1734155685 96898 495145e243fcb1006ec967599831cc70 installed
perl-Term-Complete-0:1.403-512.2.el10_0.noarch 1753788929 5873 7904d3d60c0f84e70d73f7fff8c97fab installed
perl-Test-0:1.31-512.2.el10_0.noarch 1753788929 37839 f0a91d871094f7b09317cb7d1d2ce8eb installed
perl-Text-Abbrev-0:1.02-512.2.el10_0.noarch 1753788929 3127 6f1b8f2f87175d86633df9158d346950 installed
perl-Text-Glob-0.11-26.el10.noarch 1734163086 8578 1c7ea9cd3265c59a92f6100cec754845 installed
perl-Text-Template-1.61-8.el10.noarch 1734168831 114952 8b866b4d2a8228b5a04be23b9fc1380b installed
perl-Software-License-0.104006-4.el10.noarch 1734178084 512779 fd9c8ed298dab5b183e065871956eaf0 installed
perl-Module-Build-2:0.42.34-7.el10.noarch 1734167422 668937 601f4d6cc8b9172ad75765ca3402a94f installed
perl-Tie-File-0:1.09-512.2.el10_0.noarch 1753788929 87733 538889c1b1d338e7e6aac64e35c75838 installed
perl-Tie-Memoize-0:1.1-512.2.el10_0.noarch 1753788929 6341 85a7ebf8b46179a19ca641b7368c1f35 installed
perl-Time-0:1.04-512.2.el10_0.noarch 1753788929 9891 4f11ecaba9f0f58e58c3535cbecffb45 installed
perl-Time-Piece-0:1.3401-512.2.el10_0.x86_64 1753788924 72697 539255670132b19ffed78ea08f33a9a2 installed
perl-blib-0:1.07-512.2.el10_0.noarch 1753788929 3279 a4b106f2db713d434a157a7493360a10 installed
perl-deprecate-0:0.04-512.2.el10_0.noarch 1753788929 6698 1eaf3633dd2df57efe561c89e51561ac installed
perl-encoding-warnings-0:0.14-512.2.el10_0.noarch 1753788929 10328 67537267d05008bac6c1dc6703d1c77c installed
perl-filetest-0:1.03-512.2.el10_0.noarch 1753788929 6547 b862e79dbea1e02ab4eb2b9950539b5d installed
perl-less-0:0.03-512.2.el10_0.noarch 1753788929 5010 1c7e34c316c1c23811d8c71f322d6f88 installed
perl-local-lib-2.000029-9.el10.noarch 1734179498 120188 2dcbb957976b682cd6eed574d468f78e installed
perl-perlfaq-5.20240218-511.el10.noarch 1734183961 749100 48aea483c0cf7fffb1acc06e2fe2e6fb installed
perl-ph-0:5.40.2-512.2.el10_0.x86_64 1753788924 264000 c70bb9af79f912ce4597f5dbb2bfddef installed
perl-sort-0:2.05-512.2.el10_0.noarch 1753788929 4888 0091005a27381b7041d22f4c4d9bb7b9 installed
perl-vmsish-0:1.04-512.2.el10_0.noarch 1753788929 6685 17f9eb3391c60310aeca0f4a8f5ff3bd installed
gnutls-3.8.9-9.el10.x86_64 1739970138 4132477 45391b26c32a4b70b05827e45bdaa8b5 installed
gnupg2-2.4.5-2.el10.x86_64 1734031236 9990637 39c400631f3eb6cfaf8e7c1b62fe5732 installed
perl-Module-Signature-0.88-12.el10.noarch 1734189494 138556 4e986438b23acd0c31622861a7e444a8 installed
perl-CPAN-2.36-514.el10_0.noarch 1747268465 1968524 88d2bac69437e5a44d9b06f7d595677f installed
perl-4:5.40.2-512.2.el10_0.x86_64 1753788924 0 952fa1a6495790ee7269401997b82a94 installed
dbus-common-1:1.14.10-5.el10.noarch 1734040836 11504 f3d33e875be6a6ad067e588e2d3c0488 installed
dbus-broker-36-1.el10.x86_64 1741071736 391579 af60242cc39f02d496a627e112adf102 installed
dbus-1:1.14.10-5.el10.x86_64 1734035238 0 76cee65cdb945e6d8cd30447cfba1b13 installed
systemd-pam-257-9.el10_0.1.alma.1.x86_64 1747290396 671913 59a5edcd7d5d0e38c1da25724778a2d3 installed
systemd-257-9.el10_0.1.alma.1.x86_64 1747290396 17556345 08ad909f7df93beabc1758ea606ee5da installed
annobin-plugin-gcc-12.92-1.el10.x86_64 1741015526 1016918 97573d2a0c24d9880a1462e1fdd2a498 installed
zlib-ng-compat-devel-2.2.3-1.el10.x86_64 1737976051 109541 0e850551a4960483d894eca7b169b902 installed
gcc-plugin-annobin-14.2.1-7.el10.alma.1.x86_64 1738667459 56402 384a3f99028c882a6e96543c0d18eeba installed
pcre2-devel-10.44-1.el10.3.x86_64 1734182345 2057710 14b137d8cf6f3357e9331aec7db447e4 installed
openssl-devel-1:3.2.2-16.el10.alma.1.x86_64 1739892645 4490976 f8e3cbc5fa4bae5c62eafb88393595fa installed
libzstd-devel-1.5.5-9.el10.x86_64 1734225610 202817 1d15c933186ca29b892220238ad68755 installed
systemd-rpm-macros-257-9.el10_0.1.alma.1.noarch 1747293836 10938 5b674414f58c04f62bceed738e0212f9 installed
